{"level":"info","message":"Listening on port 3000...","timestamp":"2018-12-11T21:03:22.263Z"}
{"message":"unsupported charset \"UTF-8\"","stack":"UnsupportedMediaTypeError: unsupported charset \"UTF-8\"\n    at C:\\inetpub\\wwwroot\\time2hookah.com\\api\\node_modules\\body-parser\\lib\\read.js:83:18\n    at invokeCallback (C:\\inetpub\\wwwroot\\time2hookah.com\\api\\node_modules\\raw-body\\index.js:224:16)\n    at process._tickCallback (internal/process/next_tick.js:61:11)","name":"UnsupportedMediaTypeError","charset":"utf-8","type":"charset.unsupported","level":"error","timestamp":"2018-12-11T21:03:22.341Z"}
{"level":"info","message":"Listening on port 3000...","timestamp":"2018-12-11T21:03:22.932Z"}
{"message":"unsupported charset \"UTF-8\"","stack":"UnsupportedMediaTypeError: unsupported charset \"UTF-8\"\n    at C:\\inetpub\\wwwroot\\time2hookah.com\\api\\node_modules\\body-parser\\lib\\read.js:83:18\n    at invokeCallback (C:\\inetpub\\wwwroot\\time2hookah.com\\api\\node_modules\\raw-body\\index.js:224:16)\n    at process._tickCallback (internal/process/next_tick.js:61:11)","name":"UnsupportedMediaTypeError","charset":"utf-8","type":"charset.unsupported","level":"error","timestamp":"2018-12-11T21:03:23.023Z"}
{"level":"info","message":"Listening on port 3000...","timestamp":"2018-12-11T21:04:42.685Z"}
{"message":"unsupported charset \"UTF-8\"","stack":"UnsupportedMediaTypeError: unsupported charset \"UTF-8\"\n    at C:\\inetpub\\wwwroot\\time2hookah.com\\api\\node_modules\\body-parser\\lib\\read.js:83:18\n    at invokeCallback (C:\\inetpub\\wwwroot\\time2hookah.com\\api\\node_modules\\raw-body\\index.js:224:16)\n    at process._tickCallback (internal/process/next_tick.js:61:11)","name":"UnsupportedMediaTypeError","charset":"utf-8","type":"charset.unsupported","level":"error","timestamp":"2018-12-11T21:04:42.755Z"}
{"level":"info","message":"Listening on port 3000...","timestamp":"2018-12-11T21:05:08.366Z"}
{"message":"unsupported charset \"UTF-8\"","stack":"UnsupportedMediaTypeError: unsupported charset \"UTF-8\"\n    at C:\\inetpub\\wwwroot\\time2hookah.com\\api\\node_modules\\body-parser\\lib\\read.js:83:18\n    at invokeCallback (C:\\inetpub\\wwwroot\\time2hookah.com\\api\\node_modules\\raw-body\\index.js:224:16)\n    at process._tickCallback (internal/process/next_tick.js:61:11)","name":"UnsupportedMediaTypeError","charset":"utf-8","type":"charset.unsupported","level":"error","timestamp":"2018-12-11T21:05:08.445Z"}
{"level":"info","message":"Listening on port 3000...","timestamp":"2018-12-11T21:06:30.470Z"}
{"message":"unsupported charset \"UTF-8\"","stack":"UnsupportedMediaTypeError: unsupported charset \"UTF-8\"\n    at C:\\inetpub\\wwwroot\\time2hookah.com\\api\\node_modules\\body-parser\\lib\\read.js:83:18\n    at invokeCallback (C:\\inetpub\\wwwroot\\time2hookah.com\\api\\node_modules\\raw-body\\index.js:224:16)\n    at process._tickCallback (internal/process/next_tick.js:61:11)","name":"UnsupportedMediaTypeError","charset":"utf-8","type":"charset.unsupported","level":"error","timestamp":"2018-12-11T21:06:30.529Z"}
{"level":"info","message":"Listening on port 3000...","timestamp":"2018-12-11T21:07:42.016Z"}
{"message":"unsupported charset \"UTF-8\"","stack":"UnsupportedMediaTypeError: unsupported charset \"UTF-8\"\n    at C:\\inetpub\\wwwroot\\time2hookah.com\\api\\node_modules\\body-parser\\lib\\read.js:83:18\n    at invokeCallback (C:\\inetpub\\wwwroot\\time2hookah.com\\api\\node_modules\\raw-body\\index.js:224:16)\n    at process._tickCallback (internal/process/next_tick.js:61:11)","name":"UnsupportedMediaTypeError","charset":"utf-8","type":"charset.unsupported","level":"error","timestamp":"2018-12-11T21:07:42.084Z"}
{"level":"info","message":"Listening on port 3000...","timestamp":"2018-12-11T21:08:02.325Z"}
{"message":"unsupported charset \"UTF-8\"","stack":"UnsupportedMediaTypeError: unsupported charset \"UTF-8\"\n    at C:\\inetpub\\wwwroot\\time2hookah.com\\api\\node_modules\\body-parser\\lib\\read.js:83:18\n    at invokeCallback (C:\\inetpub\\wwwroot\\time2hookah.com\\api\\node_modules\\raw-body\\index.js:224:16)\n    at process._tickCallback (internal/process/next_tick.js:61:11)","name":"UnsupportedMediaTypeError","charset":"utf-8","type":"charset.unsupported","level":"error","timestamp":"2018-12-11T21:08:02.398Z"}
{"level":"info","message":"Connected to mongodb://localhost/time2hookah_test ","timestamp":"2018-12-12T00:38:50.727Z"}
{"level":"info","message":"Listening on port 3000...","timestamp":"2018-12-12T00:39:05.579Z"}
{"level":"info","message":"Listening on port 3000...","timestamp":"2018-12-12T00:39:40.683Z"}
{"level":"info","message":"Listening on port 3000...","timestamp":"2018-12-12T00:43:25.886Z"}
{"level":"info","message":"Listening on port 3000...","timestamp":"2018-12-12T00:43:58.648Z"}
{"level":"info","message":"Listening on port 3000...","timestamp":"2018-12-12T00:44:36.005Z"}
{"level":"info","message":"Listening on port 3000...","timestamp":"2018-12-12T00:44:56.492Z"}
{"level":"info","message":"Listening on port 3000...","timestamp":"2018-12-12T00:45:15.254Z"}
{"level":"info","message":"Listening on port 3000...","timestamp":"2018-12-12T00:45:25.794Z"}
{"level":"info","message":"Listening on port 3000...","timestamp":"2018-12-12T00:45:54.573Z"}
{"level":"info","message":"Listening on port 3000...","timestamp":"2018-12-12T00:46:02.919Z"}
{"level":"info","message":"Listening on port 3000...","timestamp":"2018-12-12T00:48:43.723Z"}
{"level":"info","message":"Listening on port 3000...","timestamp":"2018-12-12T00:49:00.438Z"}
{"level":"info","message":"Connected to mongodb://localhost/time2hookah_test ","timestamp":"2018-12-12T00:49:01.477Z"}
{"level":"info","message":"Listening on port 3000...","timestamp":"2018-12-12T00:49:43.171Z"}
{"level":"info","message":"Listening on port 3000...","timestamp":"2018-12-12T00:50:18.911Z"}
{"level":"info","message":"Listening on port 3000...","timestamp":"2018-12-12T00:51:09.676Z"}
{"level":"info","message":"Listening on port 3000...","timestamp":"2018-12-12T00:53:11.785Z"}
{"level":"info","message":"Connected to mongodb://localhost/time2hookah_test ","timestamp":"2018-12-12T00:53:12.831Z"}
{"level":"info","message":"Listening on port 3000...","timestamp":"2018-12-12T00:54:30.736Z"}
{"level":"info","message":"Listening on port 3000...","timestamp":"2018-12-12T00:55:48.426Z"}
{"level":"info","message":"Listening on port 3000...","timestamp":"2018-12-12T00:56:45.090Z"}
{"level":"info","message":"Listening on port 3000...","timestamp":"2018-12-12T00:57:16.825Z"}
{"level":"info","message":"Listening on port 3000...","timestamp":"2018-12-12T00:58:26.261Z"}
{"level":"info","message":"Connected to mongodb://localhost/time2hookah_test ","timestamp":"2018-12-12T00:58:27.309Z"}
{"level":"info","message":"Listening on port 3000...","timestamp":"2018-12-12T01:02:19.873Z"}
{"level":"info","message":"Connected to mongodb://localhost/time2hookah_test ","timestamp":"2018-12-12T01:02:20.912Z"}
{"level":"info","message":"Listening on port 3000...","timestamp":"2018-12-12T01:03:18.896Z"}
{"level":"info","message":"Connected to mongodb://localhost/time2hookah_test ","timestamp":"2018-12-12T01:03:19.934Z"}
{"level":"info","message":"Listening on port 3000...","timestamp":"2018-12-12T01:03:48.106Z"}
{"level":"info","message":"Connected to mongodb://localhost/time2hookah_test ","timestamp":"2018-12-12T01:03:49.146Z"}
{"level":"info","message":"Listening on port 3000...","timestamp":"2018-12-12T01:04:11.742Z"}
{"level":"info","message":"Connected to mongodb://localhost/time2hookah_test ","timestamp":"2018-12-12T01:04:12.786Z"}
{"level":"info","message":"Listening on port 3000...","timestamp":"2018-12-12T01:08:18.757Z"}
{"level":"info","message":"Connected to mongodb://localhost/time2hookah_test ","timestamp":"2018-12-12T01:08:19.795Z"}
{"level":"info","message":"Listening on port 3000...","timestamp":"2018-12-12T01:08:43.964Z"}
{"level":"info","message":"Connected to mongodb://localhost/time2hookah_test ","timestamp":"2018-12-12T01:08:45.003Z"}
{"level":"info","message":"Listening on port 3000...","timestamp":"2018-12-12T01:09:41.974Z"}
{"level":"info","message":"Connected to mongodb://localhost/time2hookah_test ","timestamp":"2018-12-12T01:09:43.018Z"}
{"level":"info","message":"Listening on port 3000...","timestamp":"2018-12-12T01:10:19.091Z"}
{"level":"info","message":"Connected to mongodb://localhost/time2hookah_test ","timestamp":"2018-12-12T01:10:20.134Z"}
{"level":"info","message":"Listening on port 3000...","timestamp":"2018-12-12T01:13:16.380Z"}
{"level":"info","message":"Connected to mongodb://localhost/time2hookah_test ","timestamp":"2018-12-12T01:13:17.427Z"}
{"level":"info","message":"Listening on port 3000...","timestamp":"2018-12-12T01:13:38.567Z"}
{"level":"info","message":"Connected to mongodb://localhost/time2hookah_test ","timestamp":"2018-12-12T01:13:39.604Z"}
{"level":"info","message":"Listening on port 3000...","timestamp":"2018-12-12T01:14:24.909Z"}
{"level":"info","message":"Connected to mongodb://localhost/time2hookah_test ","timestamp":"2018-12-12T01:14:25.959Z"}
{"level":"info","message":"Listening on port 3000...","timestamp":"2018-12-12T01:16:09.516Z"}
{"level":"info","message":"Connected to mongodb://localhost/time2hookah_test ","timestamp":"2018-12-12T01:16:10.555Z"}
{"level":"info","message":"Listening on port 3000...","timestamp":"2018-12-12T01:16:35.840Z"}
{"level":"info","message":"Connected to mongodb://localhost/time2hookah_test ","timestamp":"2018-12-12T01:16:36.881Z"}
{"level":"info","message":"Listening on port 3000...","timestamp":"2018-12-12T01:17:30.902Z"}
{"level":"info","message":"Connected to mongodb://localhost/time2hookah_test ","timestamp":"2018-12-12T01:17:31.944Z"}
{"message":"Cannot read property '_id' of undefined","stack":"TypeError: Cannot read property '_id' of undefined\n    at _id (C:\\inetpub\\wwwroot\\time2hookah.com\\api\\controllers\\users.js:16:52)\n    at newFn (C:\\inetpub\\wwwroot\\time2hookah.com\\api\\node_modules\\express-async-errors\\index.js:16:20)\n    at Layer.handle [as handle_request] (C:\\inetpub\\wwwroot\\time2hookah.com\\api\\node_modules\\express\\lib\\router\\layer.js:95:5)\n    at next (C:\\inetpub\\wwwroot\\time2hookah.com\\api\\node_modules\\express\\lib\\router\\route.js:137:13)\n    at next (C:\\inetpub\\wwwroot\\time2hookah.com\\api\\interceptors\\auth.js:12:9)\n    at newFn (C:\\inetpub\\wwwroot\\time2hookah.com\\api\\node_modules\\express-async-errors\\index.js:16:20)\n    at Layer.handle [as handle_request] (C:\\inetpub\\wwwroot\\time2hookah.com\\api\\node_modules\\express\\lib\\router\\layer.js:95:5)\n    at next (C:\\inetpub\\wwwroot\\time2hookah.com\\api\\node_modules\\express\\lib\\router\\route.js:137:13)\n    at Route.dispatch (C:\\inetpub\\wwwroot\\time2hookah.com\\api\\node_modules\\express\\lib\\router\\route.js:112:3)\n    at newFn (C:\\inetpub\\wwwroot\\time2hookah.com\\api\\node_modules\\express-async-errors\\index.js:16:20)\n    at Layer.handle [as handle_request] (C:\\inetpub\\wwwroot\\time2hookah.com\\api\\node_modules\\express\\lib\\router\\layer.js:95:5)\n    at C:\\inetpub\\wwwroot\\time2hookah.com\\api\\node_modules\\express\\lib\\router\\index.js:281:22\n    at Function.process_params (C:\\inetpub\\wwwroot\\time2hookah.com\\api\\node_modules\\express\\lib\\router\\index.js:335:12)\n    at next (C:\\inetpub\\wwwroot\\time2hookah.com\\api\\node_modules\\express\\lib\\router\\index.js:275:10)\n    at Function.handle (C:\\inetpub\\wwwroot\\time2hookah.com\\api\\node_modules\\express\\lib\\router\\index.js:174:3)\n    at router (C:\\inetpub\\wwwroot\\time2hookah.com\\api\\node_modules\\express\\lib\\router\\index.js:47:12)\n    at newFn (C:\\inetpub\\wwwroot\\time2hookah.com\\api\\node_modules\\express-async-errors\\index.js:16:20)\n    at Layer.handle [as handle_request] (C:\\inetpub\\wwwroot\\time2hookah.com\\api\\node_modules\\express\\lib\\router\\layer.js:95:5)\n    at trim_prefix (C:\\inetpub\\wwwroot\\time2hookah.com\\api\\node_modules\\express\\lib\\router\\index.js:317:13)\n    at C:\\inetpub\\wwwroot\\time2hookah.com\\api\\node_modules\\express\\lib\\router\\index.js:284:7\n    at Function.process_params (C:\\inetpub\\wwwroot\\time2hookah.com\\api\\node_modules\\express\\lib\\router\\index.js:335:12)\n    at next (C:\\inetpub\\wwwroot\\time2hookah.com\\api\\node_modules\\express\\lib\\router\\index.js:275:10)\n    at C:\\inetpub\\wwwroot\\time2hookah.com\\api\\node_modules\\body-parser\\lib\\read.js:130:5\n    at invokeCallback (C:\\inetpub\\wwwroot\\time2hookah.com\\api\\node_modules\\raw-body\\index.js:224:16)\n    at done (C:\\inetpub\\wwwroot\\time2hookah.com\\api\\node_modules\\raw-body\\index.js:213:7)\n    at IncomingMessage.onEnd (C:\\inetpub\\wwwroot\\time2hookah.com\\api\\node_modules\\raw-body\\index.js:273:7)\n    at IncomingMessage.emit (events.js:182:13)\n    at endReadableNT (_stream_readable.js:1094:12)\n    at process._tickCallback (internal/process/next_tick.js:63:19)","level":"error","timestamp":"2018-12-12T01:17:33.077Z"}
{"level":"info","message":"Listening on port 3000...","timestamp":"2018-12-12T01:18:15.257Z"}
{"level":"info","message":"Connected to mongodb://localhost/time2hookah_test ","timestamp":"2018-12-12T01:18:16.295Z"}
{"message":"Cannot read property '_id' of undefined","stack":"TypeError: Cannot read property '_id' of undefined\n    at _id (C:\\inetpub\\wwwroot\\time2hookah.com\\api\\controllers\\users.js:16:52)\n    at newFn (C:\\inetpub\\wwwroot\\time2hookah.com\\api\\node_modules\\express-async-errors\\index.js:16:20)\n    at Layer.handle [as handle_request] (C:\\inetpub\\wwwroot\\time2hookah.com\\api\\node_modules\\express\\lib\\router\\layer.js:95:5)\n    at next (C:\\inetpub\\wwwroot\\time2hookah.com\\api\\node_modules\\express\\lib\\router\\route.js:137:13)\n    at next (C:\\inetpub\\wwwroot\\time2hookah.com\\api\\interceptors\\auth.js:12:9)\n    at newFn (C:\\inetpub\\wwwroot\\time2hookah.com\\api\\node_modules\\express-async-errors\\index.js:16:20)\n    at Layer.handle [as handle_request] (C:\\inetpub\\wwwroot\\time2hookah.com\\api\\node_modules\\express\\lib\\router\\layer.js:95:5)\n    at next (C:\\inetpub\\wwwroot\\time2hookah.com\\api\\node_modules\\express\\lib\\router\\route.js:137:13)\n    at Route.dispatch (C:\\inetpub\\wwwroot\\time2hookah.com\\api\\node_modules\\express\\lib\\router\\route.js:112:3)\n    at newFn (C:\\inetpub\\wwwroot\\time2hookah.com\\api\\node_modules\\express-async-errors\\index.js:16:20)\n    at Layer.handle [as handle_request] (C:\\inetpub\\wwwroot\\time2hookah.com\\api\\node_modules\\express\\lib\\router\\layer.js:95:5)\n    at C:\\inetpub\\wwwroot\\time2hookah.com\\api\\node_modules\\express\\lib\\router\\index.js:281:22\n    at Function.process_params (C:\\inetpub\\wwwroot\\time2hookah.com\\api\\node_modules\\express\\lib\\router\\index.js:335:12)\n    at next (C:\\inetpub\\wwwroot\\time2hookah.com\\api\\node_modules\\express\\lib\\router\\index.js:275:10)\n    at Function.handle (C:\\inetpub\\wwwroot\\time2hookah.com\\api\\node_modules\\express\\lib\\router\\index.js:174:3)\n    at router (C:\\inetpub\\wwwroot\\time2hookah.com\\api\\node_modules\\express\\lib\\router\\index.js:47:12)\n    at newFn (C:\\inetpub\\wwwroot\\time2hookah.com\\api\\node_modules\\express-async-errors\\index.js:16:20)\n    at Layer.handle [as handle_request] (C:\\inetpub\\wwwroot\\time2hookah.com\\api\\node_modules\\express\\lib\\router\\layer.js:95:5)\n    at trim_prefix (C:\\inetpub\\wwwroot\\time2hookah.com\\api\\node_modules\\express\\lib\\router\\index.js:317:13)\n    at C:\\inetpub\\wwwroot\\time2hookah.com\\api\\node_modules\\express\\lib\\router\\index.js:284:7\n    at Function.process_params (C:\\inetpub\\wwwroot\\time2hookah.com\\api\\node_modules\\express\\lib\\router\\index.js:335:12)\n    at next (C:\\inetpub\\wwwroot\\time2hookah.com\\api\\node_modules\\express\\lib\\router\\index.js:275:10)\n    at C:\\inetpub\\wwwroot\\time2hookah.com\\api\\node_modules\\body-parser\\lib\\read.js:130:5\n    at invokeCallback (C:\\inetpub\\wwwroot\\time2hookah.com\\api\\node_modules\\raw-body\\index.js:224:16)\n    at done (C:\\inetpub\\wwwroot\\time2hookah.com\\api\\node_modules\\raw-body\\index.js:213:7)\n    at IncomingMessage.onEnd (C:\\inetpub\\wwwroot\\time2hookah.com\\api\\node_modules\\raw-body\\index.js:273:7)\n    at IncomingMessage.emit (events.js:182:13)\n    at endReadableNT (_stream_readable.js:1094:12)\n    at process._tickCallback (internal/process/next_tick.js:63:19)","level":"error","timestamp":"2018-12-12T01:18:17.458Z"}
{"level":"info","message":"Listening on port 3000...","timestamp":"2018-12-12T01:18:48.707Z"}
{"level":"info","message":"Connected to mongodb://localhost/time2hookah_test ","timestamp":"2018-12-12T01:18:49.744Z"}
{"level":"info","message":"Listening on port 3000...","timestamp":"2018-12-12T01:20:14.915Z"}
{"level":"info","message":"Connected to mongodb://localhost/time2hookah_test ","timestamp":"2018-12-12T01:20:15.957Z"}
{"level":"info","message":"Listening on port 3000...","timestamp":"2018-12-12T01:21:42.699Z"}
{"level":"info","message":"Connected to mongodb://localhost/time2hookah_test ","timestamp":"2018-12-12T01:21:43.742Z"}
{"level":"info","message":"Listening on port 3000...","timestamp":"2018-12-12T01:22:54.205Z"}
{"level":"info","message":"Connected to mongodb://localhost/time2hookah_test ","timestamp":"2018-12-12T01:22:55.249Z"}
{"level":"info","message":"Listening on port 3000...","timestamp":"2018-12-12T01:24:42.992Z"}
{"level":"info","message":"Connected to mongodb://localhost/time2hookah_test ","timestamp":"2018-12-12T01:24:44.035Z"}
{"level":"info","message":"Listening on port 3000...","timestamp":"2018-12-12T01:28:47.623Z"}
{"level":"info","message":"Connected to mongodb://localhost/time2hookah_test ","timestamp":"2018-12-12T01:28:48.664Z"}
{"level":"info","message":"Listening on port 3000...","timestamp":"2018-12-12T01:30:03.858Z"}
{"level":"info","message":"Connected to mongodb://localhost/time2hookah_test ","timestamp":"2018-12-12T01:30:04.904Z"}
{"level":"info","message":"Listening on port 3000...","timestamp":"2018-12-12T01:30:54.398Z"}
{"level":"info","message":"Connected to mongodb://localhost/time2hookah_test ","timestamp":"2018-12-12T01:30:55.443Z"}
{"level":"info","message":"Listening on port 3000...","timestamp":"2018-12-12T01:37:51.016Z"}
{"level":"info","message":"Connected to mongodb://localhost/time2hookah_test ","timestamp":"2018-12-12T01:37:52.066Z"}
{"level":"info","message":"Listening on port 3000...","timestamp":"2018-12-12T01:38:44.680Z"}
{"level":"info","message":"Connected to mongodb://localhost/time2hookah_test ","timestamp":"2018-12-12T01:38:45.723Z"}
{"level":"info","message":"Listening on port 3000...","timestamp":"2018-12-12T01:39:26.735Z"}
{"level":"info","message":"Connected to mongodb://localhost/time2hookah_test ","timestamp":"2018-12-12T01:39:27.787Z"}
{"level":"info","message":"Listening on port 3000...","timestamp":"2018-12-12T01:40:24.480Z"}
{"level":"info","message":"Connected to mongodb://localhost/time2hookah_test ","timestamp":"2018-12-12T01:40:25.523Z"}
{"level":"info","message":"Listening on port 3000...","timestamp":"2018-12-12T03:38:55.416Z"}
{"level":"info","message":"Connected to mongodb://localhost/time2hookah_test ","timestamp":"2018-12-12T03:38:56.464Z"}
{"level":"info","message":"Listening on port 3000...","timestamp":"2018-12-12T03:59:10.070Z"}
{"level":"info","message":"Connected to mongodb://localhost/time2hookah_test ","timestamp":"2018-12-12T03:59:11.122Z"}
{"level":"info","message":"Listening on port 3000...","timestamp":"2018-12-12T04:00:15.050Z"}
{"level":"info","message":"Connected to mongodb://localhost/time2hookah_test ","timestamp":"2018-12-12T04:00:16.096Z"}
{"level":"info","message":"Listening on port 3000...","timestamp":"2018-12-12T04:03:00.354Z"}
{"level":"info","message":"Connected to mongodb://localhost/time2hookah_test ","timestamp":"2018-12-12T04:03:01.394Z"}
{"level":"info","message":"Listening on port 3000...","timestamp":"2018-12-12T04:04:12.020Z"}
{"level":"info","message":"Connected to mongodb://localhost/time2hookah_test ","timestamp":"2018-12-12T04:04:13.065Z"}
{"level":"info","message":"Listening on port 3000...","timestamp":"2018-12-12T04:08:05.541Z"}
{"level":"info","message":"Connected to mongodb://localhost/time2hookah_test ","timestamp":"2018-12-12T04:08:06.583Z"}
{"level":"info","message":"Listening on port 3000...","timestamp":"2018-12-12T04:10:54.631Z"}
{"level":"info","message":"Connected to mongodb://localhost/time2hookah_test ","timestamp":"2018-12-12T04:10:55.688Z"}
{"message":"users validation failed: lastName: Path `lastName` is required., firstName: Path `firstName` is required.","errors":{"lastName":{"message":"Path `lastName` is required.","name":"ValidatorError","properties":{"message":"Path `lastName` is required.","type":"required","path":"lastName"},"kind":"required","path":"lastName"},"firstName":{"message":"Path `firstName` is required.","name":"ValidatorError","properties":{"message":"Path `firstName` is required.","type":"required","path":"firstName"},"kind":"required","path":"firstName"}},"_message":"users validation failed","stack":"ValidationError: lastName: Path `lastName` is required., firstName: Path `firstName` is required.\n    at new ValidationError (C:\\inetpub\\wwwroot\\time2hookah.com\\api\\node_modules\\mongoose\\lib\\error\\validation.js:30:11)\n    at model.Object.<anonymous>.Document.invalidate (C:\\inetpub\\wwwroot\\time2hookah.com\\api\\node_modules\\mongoose\\lib\\document.js:2057:32)\n    at p.doValidate.skipSchemaValidators (C:\\inetpub\\wwwroot\\time2hookah.com\\api\\node_modules\\mongoose\\lib\\document.js:1920:17)\n    at C:\\inetpub\\wwwroot\\time2hookah.com\\api\\node_modules\\mongoose\\lib\\schematype.js:874:9\n    at process._tickCallback (internal/process/next_tick.js:61:11)","name":"ValidationError","level":"error","timestamp":"2018-12-12T04:10:58.908Z"}
{"level":"info","message":"Listening on port 3000...","timestamp":"2018-12-12T04:12:17.944Z"}
{"level":"info","message":"Connected to mongodb://localhost/time2hookah_test ","timestamp":"2018-12-12T04:12:19.004Z"}
{"level":"info","message":"Listening on port 3000...","timestamp":"2018-12-12T04:13:06.175Z"}
{"level":"info","message":"Connected to mongodb://localhost/time2hookah_test ","timestamp":"2018-12-12T04:13:07.225Z"}
{"level":"info","message":"Listening on port 3000...","timestamp":"2018-12-12T04:13:34.039Z"}
{"level":"info","message":"Connected to mongodb://localhost/time2hookah_test ","timestamp":"2018-12-12T04:13:35.099Z"}
{"message":"users validation failed: lastName: Path `lastName` is required., firstName: Path `firstName` is required.","errors":{"lastName":{"message":"Path `lastName` is required.","name":"ValidatorError","properties":{"message":"Path `lastName` is required.","type":"required","path":"lastName"},"kind":"required","path":"lastName"},"firstName":{"message":"Path `firstName` is required.","name":"ValidatorError","properties":{"message":"Path `firstName` is required.","type":"required","path":"firstName"},"kind":"required","path":"firstName"}},"_message":"users validation failed","stack":"ValidationError: lastName: Path `lastName` is required., firstName: Path `firstName` is required.\n    at new ValidationError (C:\\inetpub\\wwwroot\\time2hookah.com\\api\\node_modules\\mongoose\\lib\\error\\validation.js:30:11)\n    at model.Object.<anonymous>.Document.invalidate (C:\\inetpub\\wwwroot\\time2hookah.com\\api\\node_modules\\mongoose\\lib\\document.js:2057:32)\n    at p.doValidate.skipSchemaValidators (C:\\inetpub\\wwwroot\\time2hookah.com\\api\\node_modules\\mongoose\\lib\\document.js:1920:17)\n    at C:\\inetpub\\wwwroot\\time2hookah.com\\api\\node_modules\\mongoose\\lib\\schematype.js:874:9\n    at process._tickCallback (internal/process/next_tick.js:61:11)","name":"ValidationError","level":"error","timestamp":"2018-12-12T04:13:38.364Z"}
{"level":"info","message":"Listening on port 3000...","timestamp":"2018-12-12T04:13:46.585Z"}
{"level":"info","message":"Connected to mongodb://localhost/time2hookah_test ","timestamp":"2018-12-12T04:13:47.641Z"}
{"message":"users validation failed: lastName: Path `lastName` is required., firstName: Path `firstName` is required.","errors":{"lastName":{"message":"Path `lastName` is required.","name":"ValidatorError","properties":{"message":"Path `lastName` is required.","type":"required","path":"lastName"},"kind":"required","path":"lastName"},"firstName":{"message":"Path `firstName` is required.","name":"ValidatorError","properties":{"message":"Path `firstName` is required.","type":"required","path":"firstName"},"kind":"required","path":"firstName"}},"_message":"users validation failed","stack":"ValidationError: lastName: Path `lastName` is required., firstName: Path `firstName` is required.\n    at new ValidationError (C:\\inetpub\\wwwroot\\time2hookah.com\\api\\node_modules\\mongoose\\lib\\error\\validation.js:30:11)\n    at model.Object.<anonymous>.Document.invalidate (C:\\inetpub\\wwwroot\\time2hookah.com\\api\\node_modules\\mongoose\\lib\\document.js:2057:32)\n    at p.doValidate.skipSchemaValidators (C:\\inetpub\\wwwroot\\time2hookah.com\\api\\node_modules\\mongoose\\lib\\document.js:1920:17)\n    at C:\\inetpub\\wwwroot\\time2hookah.com\\api\\node_modules\\mongoose\\lib\\schematype.js:874:9\n    at process._tickCallback (internal/process/next_tick.js:61:11)","name":"ValidationError","level":"error","timestamp":"2018-12-12T04:13:50.870Z"}
{"level":"info","message":"Listening on port 3000...","timestamp":"2018-12-12T04:38:49.089Z"}
{"level":"info","message":"Connected to mongodb://localhost/time2hookah_test ","timestamp":"2018-12-12T04:38:50.142Z"}
{"message":"users validation failed: lastName: Path `lastName` is required., firstName: Path `firstName` is required.","errors":{"lastName":{"message":"Path `lastName` is required.","name":"ValidatorError","properties":{"message":"Path `lastName` is required.","type":"required","path":"lastName"},"kind":"required","path":"lastName"},"firstName":{"message":"Path `firstName` is required.","name":"ValidatorError","properties":{"message":"Path `firstName` is required.","type":"required","path":"firstName"},"kind":"required","path":"firstName"}},"_message":"users validation failed","stack":"ValidationError: lastName: Path `lastName` is required., firstName: Path `firstName` is required.\n    at new ValidationError (C:\\inetpub\\wwwroot\\time2hookah.com\\api\\node_modules\\mongoose\\lib\\error\\validation.js:30:11)\n    at model.Object.<anonymous>.Document.invalidate (C:\\inetpub\\wwwroot\\time2hookah.com\\api\\node_modules\\mongoose\\lib\\document.js:2057:32)\n    at p.doValidate.skipSchemaValidators (C:\\inetpub\\wwwroot\\time2hookah.com\\api\\node_modules\\mongoose\\lib\\document.js:1920:17)\n    at C:\\inetpub\\wwwroot\\time2hookah.com\\api\\node_modules\\mongoose\\lib\\schematype.js:874:9\n    at process._tickCallback (internal/process/next_tick.js:61:11)","name":"ValidationError","level":"error","timestamp":"2018-12-12T04:38:52.406Z"}
{"level":"info","message":"Listening on port 3000...","timestamp":"2018-12-12T04:40:26.087Z"}
{"level":"info","message":"Connected to mongodb://localhost/time2hookah_test ","timestamp":"2018-12-12T04:40:27.140Z"}
{"level":"info","message":"Listening on port 3000...","timestamp":"2018-12-12T04:40:59.233Z"}
{"level":"info","message":"Connected to mongodb://localhost/time2hookah_test ","timestamp":"2018-12-12T04:41:00.291Z"}
{"level":"info","message":"Listening on port 3000...","timestamp":"2018-12-12T04:41:55.145Z"}
{"level":"info","message":"Connected to mongodb://localhost/time2hookah_test ","timestamp":"2018-12-12T04:41:56.200Z"}
{"level":"info","message":"Listening on port 3000...","timestamp":"2018-12-12T04:46:02.863Z"}
{"level":"info","message":"Connected to mongodb://localhost/time2hookah_test ","timestamp":"2018-12-12T04:46:03.926Z"}
{"level":"info","message":"Listening on port 3000...","timestamp":"2018-12-12T04:48:55.123Z"}
{"level":"info","message":"Connected to mongodb://localhost/time2hookah_test ","timestamp":"2018-12-12T04:48:56.178Z"}
{"level":"info","message":"Listening on port 3000...","timestamp":"2018-12-12T04:49:49.320Z"}
{"level":"info","message":"Connected to mongodb://localhost/time2hookah_test ","timestamp":"2018-12-12T04:49:50.373Z"}
{"level":"info","message":"Listening on port 3000...","timestamp":"2018-12-12T04:50:18.970Z"}
{"level":"info","message":"Connected to mongodb://localhost/time2hookah_test ","timestamp":"2018-12-12T04:50:20.019Z"}
{"level":"info","message":"Listening on port 3000...","timestamp":"2018-12-12T05:55:03.378Z"}
{"level":"info","message":"Connected to mongodb://localhost/time2hookah_test ","timestamp":"2018-12-12T05:55:04.430Z"}
{"level":"info","message":"Listening on port 3000...","timestamp":"2018-12-12T06:00:13.344Z"}
{"level":"info","message":"Connected to mongodb://localhost/time2hookah_test ","timestamp":"2018-12-12T06:00:14.384Z"}
{"level":"info","message":"Listening on port 3000...","timestamp":"2018-12-12T06:05:21.601Z"}
{"level":"info","message":"Connected to mongodb://localhost/time2hookah_test ","timestamp":"2018-12-12T06:05:22.648Z"}
{"level":"info","message":"Listening on port 3000...","timestamp":"2018-12-12T06:07:41.118Z"}
{"level":"info","message":"Connected to mongodb://localhost/time2hookah_test ","timestamp":"2018-12-12T06:07:42.161Z"}
{"level":"info","message":"Listening on port 3000...","timestamp":"2018-12-12T06:08:27.489Z"}
{"level":"info","message":"Connected to mongodb://localhost/time2hookah_test ","timestamp":"2018-12-12T06:08:28.535Z"}
{"level":"info","message":"Listening on port 3000...","timestamp":"2018-12-12T06:09:25.082Z"}
{"level":"info","message":"Connected to mongodb://localhost/time2hookah_test ","timestamp":"2018-12-12T06:09:26.131Z"}
{"level":"info","message":"Listening on port 3000...","timestamp":"2018-12-12T06:10:06.368Z"}
{"level":"info","message":"Connected to mongodb://localhost/time2hookah_test ","timestamp":"2018-12-12T06:10:07.411Z"}
{"level":"info","message":"Listening on port 3000...","timestamp":"2018-12-12T06:13:28.428Z"}
{"level":"info","message":"Connected to mongodb://localhost/time2hookah_test ","timestamp":"2018-12-12T06:13:29.477Z"}
{"level":"info","message":"Listening on port 3000...","timestamp":"2018-12-12T06:15:48.325Z"}
{"level":"info","message":"Connected to mongodb://localhost/time2hookah_test ","timestamp":"2018-12-12T06:15:49.381Z"}
{"level":"info","message":"Listening on port 3000...","timestamp":"2018-12-12T06:17:44.250Z"}
{"level":"info","message":"Connected to mongodb://localhost/time2hookah_test ","timestamp":"2018-12-12T06:17:45.305Z"}
{"level":"info","message":"Listening on port 3000...","timestamp":"2018-12-12T06:24:01.245Z"}
{"level":"info","message":"Connected to mongodb://localhost/time2hookah_test ","timestamp":"2018-12-12T06:24:02.289Z"}
{"level":"info","message":"Listening on port 3000...","timestamp":"2018-12-12T06:24:13.965Z"}
{"level":"info","message":"Connected to mongodb://localhost/time2hookah_test ","timestamp":"2018-12-12T06:24:15.011Z"}
{"level":"info","message":"Listening on port 3000...","timestamp":"2018-12-12T06:26:41.097Z"}
{"level":"info","message":"Connected to mongodb://localhost/time2hookah_test ","timestamp":"2018-12-12T06:26:42.134Z"}
{"level":"info","message":"Listening on port 3000...","timestamp":"2018-12-12T06:34:58.624Z"}
{"level":"info","message":"Connected to mongodb://localhost/time2hookah_test ","timestamp":"2018-12-12T06:34:59.671Z"}
{"level":"info","message":"Listening on port 3000...","timestamp":"2018-12-12T06:35:49.647Z"}
{"level":"info","message":"Connected to mongodb://localhost/time2hookah_test ","timestamp":"2018-12-12T06:35:50.702Z"}
{"level":"info","message":"Listening on port 3000...","timestamp":"2018-12-12T06:36:22.504Z"}
{"level":"info","message":"Connected to mongodb://localhost/time2hookah_test ","timestamp":"2018-12-12T06:36:23.565Z"}
{"level":"info","message":"Listening on port 3000...","timestamp":"2018-12-12T06:45:49.379Z"}
{"level":"info","message":"Connected to mongodb://localhost/time2hookah_test ","timestamp":"2018-12-12T06:45:50.428Z"}
{"level":"info","message":"Listening on port 3000...","timestamp":"2018-12-12T06:46:49.191Z"}
{"level":"info","message":"Connected to mongodb://localhost/time2hookah_test ","timestamp":"2018-12-12T06:46:50.239Z"}
{"level":"info","message":"Listening on port 3000...","timestamp":"2018-12-12T06:47:21.357Z"}
{"level":"info","message":"Connected to mongodb://localhost/time2hookah_test ","timestamp":"2018-12-12T06:47:22.416Z"}
{"level":"info","message":"Listening on port 3000...","timestamp":"2018-12-12T06:47:51.248Z"}
{"level":"info","message":"Listening on port 3000...","timestamp":"2018-12-12T06:47:51.911Z"}
{"message":"unsupported charset \"UTF-8\"","stack":"UnsupportedMediaTypeError: unsupported charset \"UTF-8\"\n    at C:\\inetpub\\wwwroot\\time2hookah.com\\api\\node_modules\\body-parser\\lib\\read.js:83:18\n    at invokeCallback (C:\\inetpub\\wwwroot\\time2hookah.com\\api\\node_modules\\raw-body\\index.js:224:16)\n    at process._tickCallback (internal/process/next_tick.js:61:11)","name":"UnsupportedMediaTypeError","charset":"utf-8","type":"charset.unsupported","level":"error","timestamp":"2018-12-12T06:47:52.008Z"}
{"level":"info","message":"Connected to mongodb://localhost/time2hookah_test ","timestamp":"2018-12-12T06:47:52.303Z"}
{"level":"info","message":"Connected to mongodb://localhost/time2hookah_test ","timestamp":"2018-12-12T06:47:53.011Z"}
{"level":"info","message":"Listening on port 3000...","timestamp":"2018-12-12T06:48:32.060Z"}
{"level":"info","message":"Listening on port 3000...","timestamp":"2018-12-12T06:48:32.110Z"}
{"message":"unsupported charset \"UTF-8\"","stack":"UnsupportedMediaTypeError: unsupported charset \"UTF-8\"\n    at C:\\inetpub\\wwwroot\\time2hookah.com\\api\\node_modules\\body-parser\\lib\\read.js:83:18\n    at invokeCallback (C:\\inetpub\\wwwroot\\time2hookah.com\\api\\node_modules\\raw-body\\index.js:224:16)\n    at process._tickCallback (internal/process/next_tick.js:61:11)","name":"UnsupportedMediaTypeError","charset":"utf-8","type":"charset.unsupported","level":"error","timestamp":"2018-12-12T06:48:32.539Z"}
{"level":"info","message":"Connected to mongodb://localhost/time2hookah_test ","timestamp":"2018-12-12T06:48:33.114Z"}
{"level":"info","message":"Connected to mongodb://localhost/time2hookah_test ","timestamp":"2018-12-12T06:48:33.513Z"}
{"level":"info","message":"Listening on port 3000...","timestamp":"2018-12-12T06:49:36.755Z"}
{"level":"info","message":"Listening on port 3000...","timestamp":"2018-12-12T06:49:37.447Z"}
{"message":"unsupported charset \"UTF-8\"","stack":"UnsupportedMediaTypeError: unsupported charset \"UTF-8\"\n    at C:\\inetpub\\wwwroot\\time2hookah.com\\api\\node_modules\\body-parser\\lib\\read.js:83:18\n    at invokeCallback (C:\\inetpub\\wwwroot\\time2hookah.com\\api\\node_modules\\raw-body\\index.js:224:16)\n    at process._tickCallback (internal/process/next_tick.js:61:11)","name":"UnsupportedMediaTypeError","charset":"utf-8","type":"charset.unsupported","level":"error","timestamp":"2018-12-12T06:49:37.561Z"}
{"level":"info","message":"Connected to mongodb://localhost/time2hookah_test ","timestamp":"2018-12-12T06:49:37.810Z"}
{"level":"info","message":"Connected to mongodb://localhost/time2hookah_test ","timestamp":"2018-12-12T06:49:38.542Z"}
{"level":"info","message":"Listening on port 3000...","timestamp":"2018-12-12T06:52:22.889Z"}
{"level":"info","message":"Listening on port 3000...","timestamp":"2018-12-12T06:52:23.052Z"}
{"level":"info","message":"Connected to mongodb://localhost/time2hookah_test ","timestamp":"2018-12-12T06:52:23.943Z"}
{"level":"info","message":"Connected to mongodb://localhost/time2hookah_test ","timestamp":"2018-12-12T06:52:24.328Z"}
{"level":"info","message":"Listening on port 3000...","timestamp":"2018-12-12T06:58:15.419Z"}
{"level":"info","message":"Connected to mongodb://localhost/time2hookah_test ","timestamp":"2018-12-12T06:58:16.464Z"}
{"level":"info","message":"Listening on port 3000...","timestamp":"2018-12-12T06:58:25.444Z"}
{"level":"info","message":"Connected to mongodb://localhost/time2hookah_test ","timestamp":"2018-12-12T06:58:26.491Z"}
{"level":"info","message":"Listening on port 3000...","timestamp":"2018-12-12T06:58:44.480Z"}
{"level":"info","message":"Listening on port 3000...","timestamp":"2018-12-12T06:58:44.544Z"}
{"level":"info","message":"Connected to mongodb://localhost/time2hookah_test ","timestamp":"2018-12-12T06:58:45.521Z"}
{"level":"info","message":"Connected to mongodb://localhost/time2hookah_test ","timestamp":"2018-12-12T06:58:45.931Z"}
{"level":"info","message":"Listening on port 3000...","timestamp":"2018-12-12T07:00:42.591Z"}
{"level":"info","message":"Listening on port 3000...","timestamp":"2018-12-12T07:00:43.365Z"}
{"level":"info","message":"Connected to mongodb://localhost/time2hookah_test ","timestamp":"2018-12-12T07:00:43.635Z"}
{"level":"info","message":"Connected to mongodb://localhost/time2hookah_test ","timestamp":"2018-12-12T07:00:44.444Z"}
{"level":"info","message":"Listening on port 3000...","timestamp":"2018-12-12T07:02:50.677Z"}
{"level":"info","message":"Listening on port 3000...","timestamp":"2018-12-12T07:02:51.197Z"}
{"level":"info","message":"Connected to mongodb://localhost/time2hookah_test ","timestamp":"2018-12-12T07:02:51.722Z"}
{"level":"info","message":"Connected to mongodb://localhost/time2hookah_test ","timestamp":"2018-12-12T07:02:52.269Z"}
{"level":"info","message":"Listening on port 3000...","timestamp":"2018-12-12T07:03:34.321Z"}
{"level":"info","message":"Listening on port 3000...","timestamp":"2018-12-12T07:03:34.997Z"}
{"level":"info","message":"Connected to mongodb://localhost/time2hookah_test ","timestamp":"2018-12-12T07:03:35.370Z"}
{"level":"info","message":"Connected to mongodb://localhost/time2hookah_test ","timestamp":"2018-12-12T07:03:36.068Z"}
{"level":"info","message":"Listening on port 3000...","timestamp":"2018-12-12T07:04:32.984Z"}
{"level":"info","message":"Connected to mongodb://localhost/time2hookah_test ","timestamp":"2018-12-12T07:04:34.026Z"}
{"level":"info","message":"Listening on port 3000...","timestamp":"2018-12-12T07:05:23.072Z"}
{"level":"info","message":"Connected to mongodb://localhost/time2hookah_test ","timestamp":"2018-12-12T07:05:24.117Z"}
{"level":"info","message":"Listening on port 3000...","timestamp":"2018-12-12T07:10:37.354Z"}
{"level":"info","message":"Connected to mongodb://localhost/time2hookah_test ","timestamp":"2018-12-12T07:10:38.400Z"}
{"level":"info","message":"Listening on port 3001...","timestamp":"2018-12-12T07:10:43.993Z"}
{"level":"info","message":"Connected to mongodb://localhost/time2hookah ","timestamp":"2018-12-12T07:10:45.037Z"}
{"level":"info","message":"Listening on port 3000...","timestamp":"2018-12-12T07:18:16.195Z"}
{"level":"info","message":"Connected to mongodb://localhost/time2hookah_test ","timestamp":"2018-12-12T07:18:17.238Z"}
{"level":"info","message":"Listening on port 3001...","timestamp":"2018-12-12T07:18:58.366Z"}
{"level":"info","message":"Connected to mongodb://localhost/time2hookah ","timestamp":"2018-12-12T07:18:59.401Z"}
{"level":"info","message":"Listening on port 3000...","timestamp":"2018-12-12T07:34:53.140Z"}
{"level":"info","message":"Connected to mongodb://localhost/time2hookah_test ","timestamp":"2018-12-12T07:34:54.185Z"}
{"level":"info","message":"Listening on port 3000...","timestamp":"2018-12-12T07:36:01.008Z"}
{"level":"info","message":"Connected to mongodb://localhost/time2hookah_test ","timestamp":"2018-12-12T07:36:02.060Z"}
{"level":"info","message":"Listening on port 3001...","timestamp":"2018-12-12T07:36:17.908Z"}
{"level":"info","message":"Connected to mongodb://localhost/time2hookah ","timestamp":"2018-12-12T07:36:18.947Z"}
{"level":"info","message":"Listening on port 3000...","timestamp":"2018-12-14T20:08:27.650Z"}
{"level":"info","message":"Connected to mongodb://localhost/time2hookah_test ","timestamp":"2018-12-14T20:08:28.703Z"}
{"level":"info","message":"Listening on port 3000...","timestamp":"2018-12-14T20:08:53.082Z"}
{"level":"info","message":"Connected to mongodb://localhost/time2hookah_test ","timestamp":"2018-12-14T20:08:54.132Z"}
{"level":"info","message":"Listening on port 3000...","timestamp":"2018-12-14T20:11:14.455Z"}
{"level":"info","message":"Connected to mongodb://localhost/time2hookah_test ","timestamp":"2018-12-14T20:11:15.503Z"}
{"level":"info","message":"Listening on port 3000...","timestamp":"2018-12-14T20:12:01.621Z"}
{"level":"info","message":"Connected to mongodb://localhost/time2hookah_test ","timestamp":"2018-12-14T20:12:02.671Z"}
{"level":"info","message":"Listening on port 3000...","timestamp":"2018-12-14T20:14:30.981Z"}
{"level":"info","message":"Connected to mongodb://localhost/time2hookah_test ","timestamp":"2018-12-14T20:14:32.033Z"}
{"level":"info","message":"Listening on port 3000...","timestamp":"2018-12-14T20:16:37.670Z"}
{"level":"info","message":"Connected to mongodb://localhost/time2hookah_test ","timestamp":"2018-12-14T20:16:38.717Z"}
{"level":"info","message":"Listening on port 3000...","timestamp":"2018-12-14T20:17:48.537Z"}
{"level":"info","message":"Connected to mongodb://localhost/time2hookah_test ","timestamp":"2018-12-14T20:17:49.589Z"}
{"level":"info","message":"Listening on port 3000...","timestamp":"2018-12-14T20:19:23.207Z"}
{"level":"info","message":"Connected to mongodb://localhost/time2hookah_test ","timestamp":"2018-12-14T20:19:24.260Z"}
{"level":"info","message":"Listening on port 3000...","timestamp":"2018-12-14T20:21:09.011Z"}
{"level":"info","message":"Connected to mongodb://localhost/time2hookah_test ","timestamp":"2018-12-14T20:21:10.063Z"}
{"level":"info","message":"Listening on port 3000...","timestamp":"2018-12-14T20:21:43.824Z"}
{"level":"info","message":"Connected to mongodb://localhost/time2hookah_test ","timestamp":"2018-12-14T20:21:44.897Z"}
{"level":"info","message":"Listening on port 3000...","timestamp":"2018-12-14T20:22:25.507Z"}
{"level":"info","message":"Connected to mongodb://localhost/time2hookah_test ","timestamp":"2018-12-14T20:22:26.560Z"}
{"level":"info","message":"Listening on port 3000...","timestamp":"2018-12-14T20:23:00.819Z"}
{"level":"info","message":"Connected to mongodb://localhost/time2hookah_test ","timestamp":"2018-12-14T20:23:01.870Z"}
{"level":"info","message":"Listening on port 3000...","timestamp":"2018-12-14T20:24:53.486Z"}
{"level":"info","message":"Connected to mongodb://localhost/time2hookah_test ","timestamp":"2018-12-14T20:24:54.534Z"}
{"level":"info","message":"Listening on port 3000...","timestamp":"2018-12-14T20:32:27.501Z"}
{"level":"info","message":"Listening on port 3000...","timestamp":"2018-12-14T20:32:28.006Z"}
{"level":"info","message":"Connected to mongodb://localhost/time2hookah_test ","timestamp":"2018-12-14T20:32:28.552Z"}
{"level":"info","message":"Connected to mongodb://localhost/time2hookah_test ","timestamp":"2018-12-14T20:32:29.097Z"}
{"level":"info","message":"Listening on port 3000...","timestamp":"2018-12-14T20:35:40.139Z"}
{"level":"info","message":"Listening on port 3000...","timestamp":"2018-12-14T20:35:40.356Z"}
{"level":"info","message":"Connected to mongodb://localhost/time2hookah_test ","timestamp":"2018-12-14T20:35:41.185Z"}
{"level":"info","message":"Connected to mongodb://localhost/time2hookah_test ","timestamp":"2018-12-14T20:35:41.660Z"}
{"level":"info","message":"Listening on port 3000...","timestamp":"2018-12-14T20:36:09.733Z"}
{"level":"info","message":"Listening on port 3000...","timestamp":"2018-12-14T20:36:10.537Z"}
{"level":"info","message":"Connected to mongodb://localhost/time2hookah_test ","timestamp":"2018-12-14T20:36:10.783Z"}
{"level":"info","message":"Connected to mongodb://localhost/time2hookah_test ","timestamp":"2018-12-14T20:36:11.637Z"}
{"level":"info","message":"Listening on port 3000...","timestamp":"2018-12-14T20:37:11.812Z"}
{"level":"info","message":"Listening on port 3000...","timestamp":"2018-12-14T20:37:12.296Z"}
{"level":"info","message":"Connected to mongodb://localhost/time2hookah_test ","timestamp":"2018-12-14T20:37:12.860Z"}
{"level":"info","message":"Connected to mongodb://localhost/time2hookah_test ","timestamp":"2018-12-14T20:37:13.385Z"}
{"level":"info","message":"Listening on port 3000...","timestamp":"2018-12-14T20:39:17.821Z"}
{"level":"info","message":"Listening on port 3000...","timestamp":"2018-12-14T20:39:18.548Z"}
{"level":"info","message":"Connected to mongodb://localhost/time2hookah_test ","timestamp":"2018-12-14T20:39:18.878Z"}
{"level":"info","message":"Connected to mongodb://localhost/time2hookah_test ","timestamp":"2018-12-14T20:39:19.659Z"}
{"level":"info","message":"Listening on port 3000...","timestamp":"2018-12-14T20:40:22.357Z"}
{"level":"info","message":"Listening on port 3000...","timestamp":"2018-12-14T20:40:23.045Z"}
{"level":"info","message":"Connected to mongodb://localhost/time2hookah_test ","timestamp":"2018-12-14T20:40:23.405Z"}
{"level":"info","message":"Connected to mongodb://localhost/time2hookah_test ","timestamp":"2018-12-14T20:40:24.153Z"}
{"level":"info","message":"Listening on port 3000...","timestamp":"2018-12-14T20:44:09.164Z"}
{"level":"info","message":"Connected to mongodb://localhost/time2hookah_test ","timestamp":"2018-12-14T20:44:10.213Z"}
{"level":"info","message":"Listening on port 3000...","timestamp":"2018-12-14T20:44:58.588Z"}
{"level":"info","message":"Listening on port 3000...","timestamp":"2018-12-14T20:44:59.208Z"}
{"level":"info","message":"Connected to mongodb://localhost/time2hookah_test ","timestamp":"2018-12-14T20:44:59.643Z"}
{"level":"info","message":"Connected to mongodb://localhost/time2hookah_test ","timestamp":"2018-12-14T20:45:00.301Z"}
{"level":"info","message":"Listening on port 3000...","timestamp":"2018-12-14T20:45:29.040Z"}
{"level":"info","message":"Listening on port 3000...","timestamp":"2018-12-14T20:45:29.647Z"}
{"level":"info","message":"Connected to mongodb://localhost/time2hookah_test ","timestamp":"2018-12-14T20:45:30.093Z"}
{"level":"info","message":"Connected to mongodb://localhost/time2hookah_test ","timestamp":"2018-12-14T20:45:30.742Z"}
{"level":"info","message":"Listening on port 3001...","timestamp":"2018-12-14T20:46:14.616Z"}
{"level":"info","message":"Listening on port 3001...","timestamp":"2018-12-14T20:46:14.721Z"}
{"level":"info","message":"Connected to mongodb://localhost/time2hookah_test ","timestamp":"2018-12-14T20:46:15.662Z"}
{"level":"info","message":"Connected to mongodb://localhost/time2hookah_test ","timestamp":"2018-12-14T20:46:16.089Z"}
{"level":"info","message":"Listening on port 3001...","timestamp":"2018-12-14T20:47:25.143Z"}
{"level":"info","message":"Listening on port 3001...","timestamp":"2018-12-14T20:47:25.743Z"}
{"level":"info","message":"Connected to mongodb://localhost/time2hookah_test ","timestamp":"2018-12-14T20:47:26.193Z"}
{"level":"info","message":"Connected to mongodb://localhost/time2hookah_test ","timestamp":"2018-12-14T20:47:26.986Z"}
{"level":"info","message":"Listening on port 3001...","timestamp":"2018-12-14T20:48:07.964Z"}
{"level":"info","message":"Listening on port 3001...","timestamp":"2018-12-14T20:48:08.539Z"}
{"level":"info","message":"Connected to mongodb://localhost/time2hookah_test ","timestamp":"2018-12-14T20:48:09.385Z"}
{"level":"info","message":"Connected to mongodb://localhost/time2hookah_test ","timestamp":"2018-12-14T20:48:09.588Z"}
{"level":"info","message":"Listening on port 3001...","timestamp":"2018-12-14T20:49:21.527Z"}
{"level":"info","message":"Listening on port 3001...","timestamp":"2018-12-14T20:49:21.619Z"}
{"level":"info","message":"Connected to mongodb://localhost/time2hookah_test ","timestamp":"2018-12-14T20:49:22.574Z"}
{"level":"info","message":"Connected to mongodb://localhost/time2hookah_test ","timestamp":"2018-12-14T20:49:23.039Z"}
{"level":"info","message":"Listening on port 3001...","timestamp":"2018-12-14T20:51:58.246Z"}
{"level":"info","message":"Connected to mongodb://localhost/time2hookah ","timestamp":"2018-12-14T20:51:59.283Z"}
{"message":"Unexpected token ' in JSON at position 22","stack":"SyntaxError: Unexpected token ' in JSON at position 22\n    at JSON.parse (<anonymous>)\n    at parse (C:\\inetpub\\wwwroot\\time2hookah.com\\api\\node_modules\\body-parser\\lib\\types\\json.js:89:19)\n    at C:\\inetpub\\wwwroot\\time2hookah.com\\api\\node_modules\\body-parser\\lib\\read.js:121:18\n    at invokeCallback (C:\\inetpub\\wwwroot\\time2hookah.com\\api\\node_modules\\raw-body\\index.js:224:16)\n    at done (C:\\inetpub\\wwwroot\\time2hookah.com\\api\\node_modules\\raw-body\\index.js:213:7)\n    at IncomingMessage.onEnd (C:\\inetpub\\wwwroot\\time2hookah.com\\api\\node_modules\\raw-body\\index.js:273:7)\n    at IncomingMessage.emit (events.js:182:13)\n    at endReadableNT (_stream_readable.js:1094:12)\n    at process._tickCallback (internal/process/next_tick.js:63:19)","expose":true,"statusCode":400,"status":400,"body":"{\n\t\"name\": \"Al Fakher\"',\n    \"desc\": \"Al Fakher hookah tobacco\"\n}","type":"entity.parse.failed","level":"error","timestamp":"2018-12-14T20:55:31.143Z"}
{"level":"info","message":"Listening on port 3001...","timestamp":"2018-12-14T21:02:03.544Z"}
{"level":"info","message":"Connected to mongodb://localhost/time2hookah ","timestamp":"2018-12-14T21:02:04.587Z"}
{"message":"Unexpected token ' in JSON at position 22","stack":"SyntaxError: Unexpected token ' in JSON at position 22\n    at JSON.parse (<anonymous>)\n    at parse (C:\\inetpub\\wwwroot\\time2hookah.com\\api\\node_modules\\body-parser\\lib\\types\\json.js:89:19)\n    at C:\\inetpub\\wwwroot\\time2hookah.com\\api\\node_modules\\body-parser\\lib\\read.js:121:18\n    at invokeCallback (C:\\inetpub\\wwwroot\\time2hookah.com\\api\\node_modules\\raw-body\\index.js:224:16)\n    at done (C:\\inetpub\\wwwroot\\time2hookah.com\\api\\node_modules\\raw-body\\index.js:213:7)\n    at IncomingMessage.onEnd (C:\\inetpub\\wwwroot\\time2hookah.com\\api\\node_modules\\raw-body\\index.js:273:7)\n    at IncomingMessage.emit (events.js:182:13)\n    at endReadableNT (_stream_readable.js:1094:12)\n    at process._tickCallback (internal/process/next_tick.js:63:19)","expose":true,"statusCode":400,"status":400,"body":"{\n\t\"name\": \"Al Fakher\"',\n    \"desc\": \"Al Fakher hookah tobacco\"\n}","type":"entity.parse.failed","level":"error","timestamp":"2018-12-14T21:02:12.512Z"}
{"level":"info","message":"Listening on port 3001...","timestamp":"2018-12-14T21:05:23.765Z"}
{"level":"info","message":"Connected to mongodb://localhost/time2hookah ","timestamp":"2018-12-14T21:05:24.814Z"}
{"level":"info","message":"Listening on port 3001...","timestamp":"2018-12-14T21:09:33.018Z"}
{"level":"info","message":"Connected to mongodb://localhost/time2hookah ","timestamp":"2018-12-14T21:09:34.055Z"}
{"level":"info","message":"Listening on port 3001...","timestamp":"2018-12-14T21:10:33.232Z"}
{"level":"info","message":"Connected to mongodb://localhost/time2hookah ","timestamp":"2018-12-14T21:10:34.271Z"}
{"message":"user is not defined","stack":"ReferenceError: user is not defined\n    at controller.post (C:\\inetpub\\wwwroot\\time2hookah.com\\api\\controllers\\tobaccobrands.js:38:21)\n    at process._tickCallback (internal/process/next_tick.js:68:7)","level":"error","timestamp":"2018-12-14T21:10:43.016Z"}
{"level":"info","message":"Listening on port 3001...","timestamp":"2018-12-14T21:11:25.716Z"}
{"level":"info","message":"Connected to mongodb://localhost/time2hookah ","timestamp":"2018-12-14T21:11:26.758Z"}
{"level":"info","message":"Listening on port 3001...","timestamp":"2018-12-14T21:18:37.285Z"}
{"level":"info","message":"Connected to mongodb://localhost/time2hookah ","timestamp":"2018-12-14T21:18:38.320Z"}
{"level":"info","message":"Listening on port 3001...","timestamp":"2018-12-14T21:23:17.465Z"}
{"level":"info","message":"Connected to mongodb://localhost/time2hookah ","timestamp":"2018-12-14T21:23:18.513Z"}
{"level":"info","message":"Listening on port 3001...","timestamp":"2018-12-14T21:27:04.638Z"}
{"level":"info","message":"Connected to mongodb://localhost/time2hookah ","timestamp":"2018-12-14T21:27:05.673Z"}
{"level":"info","message":"Listening on port 3001...","timestamp":"2018-12-14T21:45:55.551Z"}
{"level":"info","message":"Connected to mongodb://localhost/time2hookah ","timestamp":"2018-12-14T21:45:56.588Z"}
{"message":"Unexpected token } in JSON at position 64","stack":"SyntaxError: Unexpected token } in JSON at position 64\n    at JSON.parse (<anonymous>)\n    at parse (C:\\inetpub\\wwwroot\\time2hookah.com\\api\\node_modules\\body-parser\\lib\\types\\json.js:89:19)\n    at C:\\inetpub\\wwwroot\\time2hookah.com\\api\\node_modules\\body-parser\\lib\\read.js:121:18\n    at invokeCallback (C:\\inetpub\\wwwroot\\time2hookah.com\\api\\node_modules\\raw-body\\index.js:224:16)\n    at done (C:\\inetpub\\wwwroot\\time2hookah.com\\api\\node_modules\\raw-body\\index.js:213:7)\n    at IncomingMessage.onEnd (C:\\inetpub\\wwwroot\\time2hookah.com\\api\\node_modules\\raw-body\\index.js:273:7)\n    at IncomingMessage.emit (events.js:182:13)\n    at endReadableNT (_stream_readable.js:1094:12)\n    at process._tickCallback (internal/process/next_tick.js:63:19)","expose":true,"statusCode":400,"status":400,"body":"{\n\t\"name\": \"Apple\",\n    \"description\": \"Apple has mild flavor\",\n}","type":"entity.parse.failed","level":"error","timestamp":"2018-12-14T21:52:20.270Z"}
{"level":"info","message":"Listening on port 3001...","timestamp":"2018-12-14T22:07:56.777Z"}
{"level":"info","message":"Connected to mongodb://localhost/time2hookah ","timestamp":"2018-12-14T22:07:57.814Z"}
{"message":"Unexpected token , in JSON at position 40","stack":"SyntaxError: Unexpected token , in JSON at position 40\n    at JSON.parse (<anonymous>)\n    at parse (C:\\inetpub\\wwwroot\\time2hookah.com\\api\\node_modules\\body-parser\\lib\\types\\json.js:89:19)\n    at C:\\inetpub\\wwwroot\\time2hookah.com\\api\\node_modules\\body-parser\\lib\\read.js:121:18\n    at invokeCallback (C:\\inetpub\\wwwroot\\time2hookah.com\\api\\node_modules\\raw-body\\index.js:224:16)\n    at done (C:\\inetpub\\wwwroot\\time2hookah.com\\api\\node_modules\\raw-body\\index.js:213:7)\n    at IncomingMessage.onEnd (C:\\inetpub\\wwwroot\\time2hookah.com\\api\\node_modules\\raw-body\\index.js:273:7)\n    at IncomingMessage.emit (events.js:182:13)\n    at endReadableNT (_stream_readable.js:1094:12)\n    at process._tickCallback (internal/process/next_tick.js:63:19)","expose":true,"statusCode":400,"status":400,"body":"{\n\t\"name\":\"Ceramic Head\",\n\t\"isFruit\":tru,\n\t\"description\":\"Ceramic hookah head\"\n}","type":"entity.parse.failed","level":"error","timestamp":"2018-12-14T22:18:31.443Z"}
{"level":"info","message":"Listening on port 3001...","timestamp":"2018-12-14T22:19:59.978Z"}
{"level":"info","message":"Connected to mongodb://localhost/time2hookah ","timestamp":"2018-12-14T22:20:01.015Z"}
{"level":"info","message":"Listening on port 3001...","timestamp":"2018-12-14T22:25:48.696Z"}
{"level":"info","message":"Connected to mongodb://localhost/time2hookah ","timestamp":"2018-12-14T22:25:49.734Z"}
{"level":"info","message":"Listening on port 3001...","timestamp":"2018-12-16T05:01:25.842Z"}
{"level":"info","message":"Listening on port 3001...","timestamp":"2018-12-16T05:01:25.845Z"}
{"level":"info","message":"Connected to mongodb://localhost/time2hookah_test ","timestamp":"2018-12-16T05:01:26.889Z"}
{"level":"info","message":"Connected to mongodb://localhost/time2hookah_test ","timestamp":"2018-12-16T05:01:26.929Z"}
{"level":"info","message":"Listening on port 3001...","timestamp":"2018-12-17T07:05:35.511Z"}
{"level":"info","message":"Connected to mongodb://localhost/time2hookah ","timestamp":"2018-12-17T07:05:36.546Z"}
{"level":"info","message":"Listening on port 3001...","timestamp":"2018-12-17T07:09:04.551Z"}
{"level":"info","message":"Connected to mongodb://localhost/time2hookah ","timestamp":"2018-12-17T07:09:05.589Z"}
{"message":"customers validation failed: zipcpde: Path `zipcpde` is required.","errors":{"zipcpde":{"message":"Path `zipcpde` is required.","name":"ValidatorError","properties":{"message":"Path `zipcpde` is required.","type":"required","path":"zipcpde"},"kind":"required","path":"zipcpde"}},"_message":"customers validation failed","stack":"ValidationError: customers validation failed: zipcpde: Path `zipcpde` is required.\n    at new ValidationError (C:\\inetpub\\wwwroot\\time2hookah.com\\api\\node_modules\\mongoose\\lib\\error\\validation.js:30:11)\n    at model.Document.invalidate (C:\\inetpub\\wwwroot\\time2hookah.com\\api\\node_modules\\mongoose\\lib\\document.js:2057:32)\n    at p.doValidate.skipSchemaValidators (C:\\inetpub\\wwwroot\\time2hookah.com\\api\\node_modules\\mongoose\\lib\\document.js:1920:17)\n    at C:\\inetpub\\wwwroot\\time2hookah.com\\api\\node_modules\\mongoose\\lib\\schematype.js:874:9\n    at process._tickCallback (internal/process/next_tick.js:61:11)","name":"ValidationError","level":"error","timestamp":"2018-12-17T07:15:21.468Z"}
{"level":"info","message":"Listening on port 3001...","timestamp":"2018-12-17T07:16:09.446Z"}
{"level":"info","message":"Connected to mongodb://localhost/time2hookah ","timestamp":"2018-12-17T07:16:10.494Z"}
{"level":"info","message":"Listening on port 3001...","timestamp":"2018-12-17T07:18:46.743Z"}
{"level":"info","message":"Connected to mongodb://localhost/time2hookah ","timestamp":"2018-12-17T07:18:47.782Z"}
{"level":"info","message":"Listening on port 3001...","timestamp":"2018-12-17T08:04:36.286Z"}
{"level":"info","message":"Connected to mongodb://localhost/time2hookah ","timestamp":"2018-12-17T08:04:37.328Z"}
{"message":"ENOENT: no such file or directory, open '../config/keys/private.key'","stack":"Error: ENOENT: no such file or directory, open '../config/keys/private.key'\n    at Object.openSync (fs.js:436:3)\n    at Object.readFileSync (fs.js:341:35)\n    at model.userSchema.methods.generateAuthToken (C:\\inetpub\\wwwroot\\time2hookah.com\\api\\models\\users.js:45:27)\n    at controller.post (C:\\inetpub\\wwwroot\\time2hookah.com\\api\\controllers\\auth.js:19:25)","errno":-4058,"syscall":"open","code":"ENOENT","path":"../config/keys/private.key","level":"error","timestamp":"2018-12-17T08:05:05.557Z"}
{"level":"info","message":"Listening on port 3001...","timestamp":"2018-12-17T08:06:20.515Z"}
{"level":"info","message":"Connected to mongodb://localhost/time2hookah ","timestamp":"2018-12-17T08:06:21.554Z"}
{"message":"ENOENT: no such file or directory, open '../config/keys/private.key'","stack":"Error: ENOENT: no such file or directory, open '../config/keys/private.key'\n    at Object.openSync (fs.js:436:3)\n    at Object.readFileSync (fs.js:341:35)\n    at model.userSchema.methods.generateAuthToken (C:\\inetpub\\wwwroot\\time2hookah.com\\api\\models\\users.js:45:27)\n    at controller.post (C:\\inetpub\\wwwroot\\time2hookah.com\\api\\controllers\\auth.js:19:25)","errno":-4058,"syscall":"open","code":"ENOENT","path":"../config/keys/private.key","level":"error","timestamp":"2018-12-17T08:06:26.892Z"}
{"level":"info","message":"Listening on port 3001...","timestamp":"2018-12-17T08:08:30.070Z"}
{"level":"info","message":"Connected to mongodb://localhost/time2hookah ","timestamp":"2018-12-17T08:08:31.112Z"}
{"message":"ENOENT: no such file or directory, open '../private.key'","stack":"Error: ENOENT: no such file or directory, open '../private.key'\n    at Object.openSync (fs.js:436:3)\n    at Object.readFileSync (fs.js:341:35)\n    at model.userSchema.methods.generateAuthToken (C:\\inetpub\\wwwroot\\time2hookah.com\\api\\models\\users.js:45:27)\n    at controller.post (C:\\inetpub\\wwwroot\\time2hookah.com\\api\\controllers\\auth.js:19:25)","errno":-4058,"syscall":"open","code":"ENOENT","path":"../private.key","level":"error","timestamp":"2018-12-17T08:08:36.174Z"}
{"level":"info","message":"Listening on port 3001...","timestamp":"2018-12-17T08:15:25.401Z"}
{"level":"info","message":"Connected to mongodb://localhost/time2hookah ","timestamp":"2018-12-17T08:15:26.439Z"}
{"message":"ENOENT: no such file or directory, open '../private.key'","stack":"Error: ENOENT: no such file or directory, open '../private.key'\n    at Object.openSync (fs.js:436:3)\n    at Object.readFileSync (fs.js:341:35)\n    at model.userSchema.methods.generateAuthToken (C:\\inetpub\\wwwroot\\time2hookah.com\\api\\models\\users.js:45:27)\n    at controller.post (C:\\inetpub\\wwwroot\\time2hookah.com\\api\\controllers\\auth.js:19:25)","errno":-4058,"syscall":"open","code":"ENOENT","path":"../private.key","level":"error","timestamp":"2018-12-17T08:15:30.980Z"}
{"level":"info","message":"Listening on port 3001...","timestamp":"2018-12-17T08:16:17.119Z"}
{"level":"info","message":"Connected to mongodb://localhost/time2hookah ","timestamp":"2018-12-17T08:16:18.159Z"}
{"message":"ENOENT: no such file or directory, open './private.key'","stack":"Error: ENOENT: no such file or directory, open './private.key'\n    at Object.openSync (fs.js:436:3)\n    at Object.readFileSync (fs.js:341:35)\n    at model.userSchema.methods.generateAuthToken (C:\\inetpub\\wwwroot\\time2hookah.com\\api\\models\\users.js:45:27)\n    at controller.post (C:\\inetpub\\wwwroot\\time2hookah.com\\api\\controllers\\auth.js:19:25)","errno":-4058,"syscall":"open","code":"ENOENT","path":"./private.key","level":"error","timestamp":"2018-12-17T08:16:23.514Z"}
{"level":"info","message":"Listening on port 3001...","timestamp":"2018-12-17T08:17:11.561Z"}
{"level":"info","message":"Connected to mongodb://localhost/time2hookah ","timestamp":"2018-12-17T08:17:12.608Z"}
{"message":"Callback must be a function","stack":"TypeError [ERR_INVALID_CALLBACK]: Callback must be a function\n    at maybeCallback (fs.js:129:9)\n    at Object.readFile (fs.js:275:14)\n    at model.userSchema.methods.generateAuthToken (C:\\inetpub\\wwwroot\\time2hookah.com\\api\\models\\users.js:45:27)\n    at controller.post (C:\\inetpub\\wwwroot\\time2hookah.com\\api\\controllers\\auth.js:19:25)","level":"error","timestamp":"2018-12-17T08:17:18.727Z"}
{"level":"info","message":"Listening on port 3001...","timestamp":"2018-12-17T08:17:49.382Z"}
{"level":"info","message":"Connected to mongodb://localhost/time2hookah ","timestamp":"2018-12-17T08:17:50.420Z"}
{"level":"info","message":"Listening on port 3001...","timestamp":"2018-12-17T08:20:37.998Z"}
{"level":"info","message":"Connected to mongodb://localhost/time2hookah ","timestamp":"2018-12-17T08:20:39.049Z"}
{"message":"Callback must be a function","stack":"TypeError [ERR_INVALID_CALLBACK]: Callback must be a function\n    at maybeCallback (fs.js:129:9)\n    at Object.readFile (fs.js:275:14)\n    at model.userSchema.methods.generateAuthToken (C:\\inetpub\\wwwroot\\time2hookah.com\\api\\models\\users.js:45:27)\n    at controller.post (C:\\inetpub\\wwwroot\\time2hookah.com\\api\\controllers\\auth.js:19:25)","level":"error","timestamp":"2018-12-17T08:20:41.982Z"}
{"level":"info","message":"Listening on port 3001...","timestamp":"2018-12-17T08:21:24.152Z"}
{"level":"info","message":"Connected to mongodb://localhost/time2hookah ","timestamp":"2018-12-17T08:21:25.200Z"}
{"message":"ENOENT: no such file or directory, open 'private.key'","stack":"Error: ENOENT: no such file or directory, open 'private.key'\n    at Object.openSync (fs.js:436:3)\n    at Object.readFileSync (fs.js:341:35)\n    at model.userSchema.methods.generateAuthToken (C:\\inetpub\\wwwroot\\time2hookah.com\\api\\models\\users.js:45:27)\n    at controller.post (C:\\inetpub\\wwwroot\\time2hookah.com\\api\\controllers\\auth.js:19:25)","errno":-4058,"syscall":"open","code":"ENOENT","path":"private.key","level":"error","timestamp":"2018-12-17T08:21:29.577Z"}
{"level":"info","message":"Listening on port 3001...","timestamp":"2018-12-17T08:23:48.921Z"}
{"level":"info","message":"Connected to mongodb://localhost/time2hookah ","timestamp":"2018-12-17T08:23:49.959Z"}
{"message":"ENOENT: no such file or directory, open '/models/private.key'","stack":"Error: ENOENT: no such file or directory, open '/models/private.key'\n    at Object.openSync (fs.js:436:3)\n    at Object.readFileSync (fs.js:341:35)\n    at model.userSchema.methods.generateAuthToken (C:\\inetpub\\wwwroot\\time2hookah.com\\api\\models\\users.js:45:27)\n    at controller.post (C:\\inetpub\\wwwroot\\time2hookah.com\\api\\controllers\\auth.js:19:25)","errno":-4058,"syscall":"open","code":"ENOENT","path":"/models/private.key","level":"error","timestamp":"2018-12-17T08:23:53.340Z"}
{"level":"info","message":"Listening on port 3001...","timestamp":"2018-12-17T08:24:15.519Z"}
{"level":"info","message":"Connected to mongodb://localhost/time2hookah ","timestamp":"2018-12-17T08:24:16.558Z"}
{"message":"ENOENT: no such file or directory, open '/models/private'","stack":"Error: ENOENT: no such file or directory, open '/models/private'\n    at Object.openSync (fs.js:436:3)\n    at Object.readFileSync (fs.js:341:35)\n    at model.userSchema.methods.generateAuthToken (C:\\inetpub\\wwwroot\\time2hookah.com\\api\\models\\users.js:45:27)\n    at controller.post (C:\\inetpub\\wwwroot\\time2hookah.com\\api\\controllers\\auth.js:19:25)","errno":-4058,"syscall":"open","code":"ENOENT","path":"/models/private","level":"error","timestamp":"2018-12-17T08:24:20.172Z"}
{"level":"info","message":"Listening on port 3001...","timestamp":"2018-12-17T08:44:31.693Z"}
{"level":"info","message":"Connected to mongodb://localhost/time2hookah ","timestamp":"2018-12-17T08:44:32.736Z"}
{"message":"ENOENT: no such file or directory, open '/models/private.key'","stack":"Error: ENOENT: no such file or directory, open '/models/private.key'\n    at Object.openSync (fs.js:436:3)\n    at Object.readFileSync (fs.js:341:35)\n    at model.userSchema.methods.generateAuthToken (C:\\inetpub\\wwwroot\\time2hookah.com\\api\\models\\users.js:45:27)\n    at controller.post (C:\\inetpub\\wwwroot\\time2hookah.com\\api\\controllers\\auth.js:19:25)","errno":-4058,"syscall":"open","code":"ENOENT","path":"/models/private.key","level":"error","timestamp":"2018-12-17T08:44:37.370Z"}
{"level":"info","message":"Listening on port 3001...","timestamp":"2018-12-17T08:46:46.903Z"}
{"level":"info","message":"Connected to mongodb://localhost/time2hookah ","timestamp":"2018-12-17T08:46:47.948Z"}
{"message":"secretOrPrivateKey must have a value","stack":"Error: secretOrPrivateKey must have a value\n    at Object.module.exports [as sign] (C:\\inetpub\\wwwroot\\time2hookah.com\\api\\node_modules\\jsonwebtoken\\sign.js:101:20)\n    at model.userSchema.methods.generateAuthToken (C:\\inetpub\\wwwroot\\time2hookah.com\\api\\models\\users.js:66:23)\n    at controller.post (C:\\inetpub\\wwwroot\\time2hookah.com\\api\\controllers\\auth.js:19:25)","level":"error","timestamp":"2018-12-17T08:46:50.307Z"}
{"level":"info","message":"Listening on port 3001...","timestamp":"2018-12-17T08:48:19.664Z"}
{"level":"info","message":"Connected to mongodb://localhost/time2hookah ","timestamp":"2018-12-17T08:48:20.703Z"}
{"message":"secretOrPrivateKey must have a value","stack":"Error: secretOrPrivateKey must have a value\n    at Object.module.exports [as sign] (C:\\inetpub\\wwwroot\\time2hookah.com\\api\\node_modules\\jsonwebtoken\\sign.js:101:20)\n    at model.userSchema.methods.generateAuthToken (C:\\inetpub\\wwwroot\\time2hookah.com\\api\\models\\users.js:67:23)\n    at controller.post (C:\\inetpub\\wwwroot\\time2hookah.com\\api\\controllers\\auth.js:19:25)","level":"error","timestamp":"2018-12-17T08:48:23.355Z"}
{"level":"info","message":"Listening on port 3001...","timestamp":"2018-12-17T08:48:51.119Z"}
{"level":"info","message":"Connected to mongodb://localhost/time2hookah ","timestamp":"2018-12-17T08:48:52.160Z"}
{"message":"secretOrPrivateKey must have a value","stack":"Error: secretOrPrivateKey must have a value\n    at Object.module.exports [as sign] (C:\\inetpub\\wwwroot\\time2hookah.com\\api\\node_modules\\jsonwebtoken\\sign.js:101:20)\n    at model.userSchema.methods.generateAuthToken (C:\\inetpub\\wwwroot\\time2hookah.com\\api\\models\\users.js:67:23)\n    at controller.post (C:\\inetpub\\wwwroot\\time2hookah.com\\api\\controllers\\auth.js:19:25)","level":"error","timestamp":"2018-12-17T08:48:55.477Z"}
{"level":"info","message":"Listening on port 3001...","timestamp":"2018-12-17T08:49:29.302Z"}
{"level":"info","message":"Connected to mongodb://localhost/time2hookah ","timestamp":"2018-12-17T08:49:30.347Z"}
{"message":"secretOrPrivateKey must have a value","stack":"Error: secretOrPrivateKey must have a value\n    at Object.module.exports [as sign] (C:\\inetpub\\wwwroot\\time2hookah.com\\api\\node_modules\\jsonwebtoken\\sign.js:101:20)\n    at model.userSchema.methods.generateAuthToken (C:\\inetpub\\wwwroot\\time2hookah.com\\api\\models\\users.js:67:23)\n    at controller.post (C:\\inetpub\\wwwroot\\time2hookah.com\\api\\controllers\\auth.js:19:25)","level":"error","timestamp":"2018-12-17T08:49:32.550Z"}
{"level":"info","message":"Listening on port 3001...","timestamp":"2018-12-17T08:50:21.941Z"}
{"level":"info","message":"Connected to mongodb://localhost/time2hookah ","timestamp":"2018-12-17T08:50:22.976Z"}
{"level":"info","message":"Listening on port 3001...","timestamp":"2018-12-17T08:52:09.565Z"}
{"level":"info","message":"Connected to mongodb://localhost/time2hookah ","timestamp":"2018-12-17T08:52:10.602Z"}
{"level":"info","message":"Listening on port 3001...","timestamp":"2018-12-17T08:53:18.113Z"}
{"level":"info","message":"Connected to mongodb://localhost/time2hookah ","timestamp":"2018-12-17T08:53:19.158Z"}
{"level":"info","message":"Listening on port 3001...","timestamp":"2018-12-17T08:54:05.884Z"}
{"level":"info","message":"Connected to mongodb://localhost/time2hookah ","timestamp":"2018-12-17T08:54:06.923Z"}
