{"level":"info","message":"Listening on port 3001...","timestamp":"2018-12-17T18:50:35.830Z"}
{"level":"info","message":"Connected to mongodb://localhost/time2hookah ","timestamp":"2018-12-17T18:50:36.870Z"}
{"message":"ENOENT: no such file or directory, open '../config/keys/public.key'","stack":"Error: ENOENT: no such file or directory, open '../config/keys/public.key'\n    at Object.openSync (fs.js:436:3)\n    at Object.readFileSync (fs.js:341:35)\n    at module.exports (C:\\inetpub\\wwwroot\\time2hookah.com\\api\\interceptors\\auth.js:12:30)\n    at newFn (C:\\inetpub\\wwwroot\\time2hookah.com\\api\\node_modules\\express-async-errors\\index.js:16:20)\n    at Layer.handle [as handle_request] (C:\\inetpub\\wwwroot\\time2hookah.com\\api\\node_modules\\express\\lib\\router\\layer.js:95:5)\n    at next (C:\\inetpub\\wwwroot\\time2hookah.com\\api\\node_modules\\express\\lib\\router\\route.js:137:13)\n    at Route.dispatch (C:\\inetpub\\wwwroot\\time2hookah.com\\api\\node_modules\\express\\lib\\router\\route.js:112:3)\n    at newFn (C:\\inetpub\\wwwroot\\time2hookah.com\\api\\node_modules\\express-async-errors\\index.js:16:20)\n    at Layer.handle [as handle_request] (C:\\inetpub\\wwwroot\\time2hookah.com\\api\\node_modules\\express\\lib\\router\\layer.js:95:5)\n    at C:\\inetpub\\wwwroot\\time2hookah.com\\api\\node_modules\\express\\lib\\router\\index.js:281:22\n    at Function.process_params (C:\\inetpub\\wwwroot\\time2hookah.com\\api\\node_modules\\express\\lib\\router\\index.js:335:12)\n    at next (C:\\inetpub\\wwwroot\\time2hookah.com\\api\\node_modules\\express\\lib\\router\\index.js:275:10)\n    at Function.handle (C:\\inetpub\\wwwroot\\time2hookah.com\\api\\node_modules\\express\\lib\\router\\index.js:174:3)\n    at router (C:\\inetpub\\wwwroot\\time2hookah.com\\api\\node_modules\\express\\lib\\router\\index.js:47:12)\n    at newFn (C:\\inetpub\\wwwroot\\time2hookah.com\\api\\node_modules\\express-async-errors\\index.js:16:20)\n    at Layer.handle [as handle_request] (C:\\inetpub\\wwwroot\\time2hookah.com\\api\\node_modules\\express\\lib\\router\\layer.js:95:5)","errno":-4058,"syscall":"open","code":"ENOENT","path":"../config/keys/public.key","level":"error","timestamp":"2018-12-17T18:50:42.310Z"}
{"level":"info","message":"Listening on port 3001...","timestamp":"2018-12-17T18:53:01.227Z"}
{"level":"info","message":"Connected to mongodb://localhost/time2hookah ","timestamp":"2018-12-17T18:53:02.268Z"}
{"message":"ENOENT: no such file or directory, open '../config/keys/public.key'","stack":"Error: ENOENT: no such file or directory, open '../config/keys/public.key'\n    at Object.openSync (fs.js:436:3)\n    at Object.readFileSync (fs.js:341:35)\n    at module.exports (C:\\inetpub\\wwwroot\\time2hookah.com\\api\\interceptors\\auth.js:12:30)\n    at newFn (C:\\inetpub\\wwwroot\\time2hookah.com\\api\\node_modules\\express-async-errors\\index.js:16:20)\n    at Layer.handle [as handle_request] (C:\\inetpub\\wwwroot\\time2hookah.com\\api\\node_modules\\express\\lib\\router\\layer.js:95:5)\n    at next (C:\\inetpub\\wwwroot\\time2hookah.com\\api\\node_modules\\express\\lib\\router\\route.js:137:13)\n    at Route.dispatch (C:\\inetpub\\wwwroot\\time2hookah.com\\api\\node_modules\\express\\lib\\router\\route.js:112:3)\n    at newFn (C:\\inetpub\\wwwroot\\time2hookah.com\\api\\node_modules\\express-async-errors\\index.js:16:20)\n    at Layer.handle [as handle_request] (C:\\inetpub\\wwwroot\\time2hookah.com\\api\\node_modules\\express\\lib\\router\\layer.js:95:5)\n    at C:\\inetpub\\wwwroot\\time2hookah.com\\api\\node_modules\\express\\lib\\router\\index.js:281:22\n    at Function.process_params (C:\\inetpub\\wwwroot\\time2hookah.com\\api\\node_modules\\express\\lib\\router\\index.js:335:12)\n    at next (C:\\inetpub\\wwwroot\\time2hookah.com\\api\\node_modules\\express\\lib\\router\\index.js:275:10)\n    at Function.handle (C:\\inetpub\\wwwroot\\time2hookah.com\\api\\node_modules\\express\\lib\\router\\index.js:174:3)\n    at router (C:\\inetpub\\wwwroot\\time2hookah.com\\api\\node_modules\\express\\lib\\router\\index.js:47:12)\n    at newFn (C:\\inetpub\\wwwroot\\time2hookah.com\\api\\node_modules\\express-async-errors\\index.js:16:20)\n    at Layer.handle [as handle_request] (C:\\inetpub\\wwwroot\\time2hookah.com\\api\\node_modules\\express\\lib\\router\\layer.js:95:5)","errno":-4058,"syscall":"open","code":"ENOENT","path":"../config/keys/public.key","level":"error","timestamp":"2018-12-17T18:53:15.302Z"}
{"level":"info","message":"Listening on port 3001...","timestamp":"2018-12-17T18:53:38.436Z"}
{"level":"info","message":"Connected to mongodb://localhost/time2hookah ","timestamp":"2018-12-17T18:53:39.473Z"}
{"level":"info","message":"Listening on port 3001...","timestamp":"2018-12-17T19:48:27.608Z"}
{"level":"info","message":"Listening on port 3001...","timestamp":"2018-12-17T20:29:18.460Z"}
{"level":"info","message":"Connected to mongodb://localhost/time2hookah ","timestamp":"2018-12-17T20:29:19.728Z"}
{"message":"Unexpected string in JSON at position 49","stack":"SyntaxError: Unexpected string in JSON at position 49\n    at JSON.parse (<anonymous>)\n    at parse (C:\\inetpub\\wwwroot\\time2hookah.com\\api\\node_modules\\body-parser\\lib\\types\\json.js:89:19)\n    at C:\\inetpub\\wwwroot\\time2hookah.com\\api\\node_modules\\body-parser\\lib\\read.js:121:18\n    at invokeCallback (C:\\inetpub\\wwwroot\\time2hookah.com\\api\\node_modules\\raw-body\\index.js:224:16)\n    at done (C:\\inetpub\\wwwroot\\time2hookah.com\\api\\node_modules\\raw-body\\index.js:213:7)\n    at IncomingMessage.onEnd (C:\\inetpub\\wwwroot\\time2hookah.com\\api\\node_modules\\raw-body\\index.js:273:7)\n    at emitNone (events.js:106:13)\n    at IncomingMessage.emit (events.js:208:7)\n    at endReadableNT (_stream_readable.js:1064:12)\n    at _combinedTickCallback (internal/process/next_tick.js:138:11)\n    at process._tickCallback (internal/process/next_tick.js:180:9)","expose":true,"statusCode":400,"status":400,"body":"{\n\t\"firstName\":\"Shirak\",\n\t\"lastName\":\"Avakian\"\n  \"email\":\"shirakavakian@gmail.com\",\n  \"password\":\"Joy2theworld\"\n}","type":"entity.parse.failed","level":"error","timestamp":"2018-12-17T21:30:22.806Z"}
{"level":"info","message":"Listening on port 3001...","timestamp":"2018-12-17T21:47:43.794Z"}
{"level":"info","message":"Connected to mongodb://localhost/time2hookah ","timestamp":"2018-12-17T21:47:45.027Z"}
{"level":"info","message":"Listening on port 3001...","timestamp":"2018-12-17T21:51:46.704Z"}
{"level":"info","message":"Connected to mongodb://localhost/time2hookah ","timestamp":"2018-12-17T21:51:47.945Z"}
{"level":"info","message":"Listening on port 3001...","timestamp":"2018-12-20T21:39:05.189Z"}
{"level":"info","message":"Connected to mongodb://localhost/time2hookah ","timestamp":"2018-12-20T21:39:06.386Z"}
{"level":"info","message":"Listening on port 3001...","timestamp":"2018-12-20T21:43:18.010Z"}
{"level":"info","message":"Connected to mongodb://localhost/time2hookah_test ","timestamp":"2018-12-20T21:43:19.065Z"}
{"level":"info","message":"Listening on port 3001...","timestamp":"2018-12-20T22:07:06.744Z"}
{"level":"info","message":"Connected to mongodb://localhost/time2hookah_test ","timestamp":"2018-12-20T22:07:07.791Z"}
{"level":"info","message":"Listening on port 3001...","timestamp":"2018-12-20T22:09:01.343Z"}
{"level":"info","message":"Connected to mongodb://localhost/time2hookah_test ","timestamp":"2018-12-20T22:09:02.392Z"}
{"level":"info","message":"Listening on port 3001...","timestamp":"2018-12-20T22:09:44.746Z"}
{"level":"info","message":"Connected to mongodb://localhost/time2hookah_test ","timestamp":"2018-12-20T22:09:45.793Z"}
{"level":"info","message":"Listening on port 3001...","timestamp":"2018-12-20T22:09:55.092Z"}
{"level":"info","message":"Connected to mongodb://localhost/time2hookah_test ","timestamp":"2018-12-20T22:09:56.136Z"}
{"level":"info","message":"Listening on port 3001...","timestamp":"2018-12-20T22:20:18.591Z"}
{"level":"info","message":"Connected to mongodb://localhost/time2hookah_test ","timestamp":"2018-12-20T22:20:19.637Z"}
{"level":"info","message":"Listening on port 3001...","timestamp":"2018-12-20T22:52:38.678Z"}
{"level":"info","message":"Connected to mongodb://localhost/time2hookah_test ","timestamp":"2018-12-20T22:52:39.725Z"}
{"level":"info","message":"Listening on port 3001...","timestamp":"2018-12-20T22:56:22.223Z"}
{"level":"info","message":"Connected to mongodb://localhost/time2hookah_test ","timestamp":"2018-12-20T22:56:23.267Z"}
